<?xml version="1.0" encoding="UTF-8"?>
<testsuite name="com.qn7265.issue.AssetContractIssueTests" tests="6" skipped="0" failures="0" errors="0" timestamp="2019-11-01T01:37:33" hostname="ip-172-31-36-138" time="5.982">
  <properties/>
  <testcase name="mustIncludeIssueCommand" classname="com.qn7265.issue.AssetContractIssueTests" time="4.887"/>
  <testcase name="cannotCreateZeroValueAssets" classname="com.qn7265.issue.AssetContractIssueTests" time="0.251"/>
  <testcase name="issueTransactionMustHaveNoInputs" classname="com.qn7265.issue.AssetContractIssueTests" time="0.174"/>
  <testcase name="cannotIssueTooManyAssets" classname="com.qn7265.issue.AssetContractIssueTests" time="0.108"/>
  <testcase name="ownerMustSignIssueTransaction" classname="com.qn7265.issue.AssetContractIssueTests" time="0.098"/>
  <testcase name="issueTransactionMustHaveOneOutput" classname="com.qn7265.issue.AssetContractIssueTests" time="0.059"/>
  <system-out><![CDATA[?[37m[INFO] 01:37:33,310 [Test worker] cordapp.CordappLoader.apply - Generating a test-only CorDapp of classes discovered for package com.qn7265.issue in file:/home/ec2-user/environment/cordapp/qn7265-contracts/build/classes/kotlin/test/com/qn7265/issue: build/tmp/generated-test-cordapps/com.qn7265.issue-67e5f05d-e419-40d2-933d-1ee19c8c2d2d.jar
?[m?[37m[INFO] 01:37:33,520 [Test worker] cordapp.CordappLoader.apply - Generating a test-only CorDapp of classes discovered for package com.qn7265.issue in file:/home/ec2-user/environment/cordapp/qn7265-contracts/build/classes/kotlin/main/com/qn7265/issue: build/tmp/generated-test-cordapps/com.qn7265.issue-c357a0da-131c-45a2-b53d-b27d14e15109.jar
?[m?[37m[INFO] 01:37:33,545 [Test worker] cordapp.CordappLoader.<init> - Loading CorDapps from RestrictedURL(url=file:/home/ec2-user/environment/cordapp/qn7265-contracts/build/tmp/generated-test-cordapps/com.qn7265.issue-67e5f05d-e419-40d2-933d-1ee19c8c2d2d.jar, rootPackageName=null), RestrictedURL(url=file:/home/ec2-user/environment/cordapp/qn7265-contracts/build/tmp/generated-test-cordapps/com.qn7265.issue-c357a0da-131c-45a2-b53d-b27d14e15109.jar, rootPackageName=null)
?[m?[37m[INFO] 01:37:33,577 [Test worker] cordapp.CordappLoader.scanCordapp - Scanning CorDapp in file:/home/ec2-user/environment/cordapp/qn7265-contracts/build/tmp/generated-test-cordapps/com.qn7265.issue-67e5f05d-e419-40d2-933d-1ee19c8c2d2d.jar
?[m?[37m[INFO] 01:37:33,654 [Test worker] cordapp.CordappLoader.scanCordapp - Scanning CorDapp in file:/home/ec2-user/environment/cordapp/qn7265-contracts/build/tmp/generated-test-cordapps/com.qn7265.issue-c357a0da-131c-45a2-b53d-b27d14e15109.jar
?[m?[31m[WARN] 01:37:33,802 [Test worker] cordapp.CordappProviderImpl.verifyInstalledCordapps - The network parameters don't specify any whitelisted contract implementations. Please contact your zone operator. See https://docs.corda.net/network-map.html
?[m?[31m[WARN] 01:37:38,774 [Test worker] cordapp.CordappProviderImpl.verifyInstalledCordapps - The network parameters don't specify any whitelisted contract implementations. Please contact your zone operator. See https://docs.corda.net/network-map.html
?[m?[31m[WARN] 01:37:39,091 [Test worker] cordapp.CordappProviderImpl.verifyInstalledCordapps - The network parameters don't specify any whitelisted contract implementations. Please contact your zone operator. See https://docs.corda.net/network-map.html
?[m?[31m[WARN] 01:37:39,337 [Test worker] cordapp.CordappProviderImpl.verifyInstalledCordapps - The network parameters don't specify any whitelisted contract implementations. Please contact your zone operator. See https://docs.corda.net/network-map.html
?[m?[31m[WARN] 01:37:39,504 [Test worker] cordapp.CordappProviderImpl.verifyInstalledCordapps - The network parameters don't specify any whitelisted contract implementations. Please contact your zone operator. See https://docs.corda.net/network-map.html
?[m?[31m[WARN] 01:37:39,735 [Test worker] cordapp.CordappProviderImpl.verifyInstalledCordapps - The network parameters don't specify any whitelisted contract implementations. Please contact your zone operator. See https://docs.corda.net/network-map.html
?[m]]></system-out>
  <system-err><![CDATA[]]></system-err>
</testsuite>
