<?xml version="1.0" encoding="UTF-8"?>
<testsuite name="com.qn7265.trade.AssetContractNewNewIssueTests" tests="6" skipped="0" failures="0" errors="0" timestamp="2019-11-01T01:37:43" hostname="ip-172-31-36-138" time="5.752">
  <properties/>
  <testcase name="mustIncludeIssueCommand" classname="com.qn7265.trade.AssetContractNewNewIssueTests" time="4.656"/>
  <testcase name="cannotCreateZeroValueAssets" classname="com.qn7265.trade.AssetContractNewNewIssueTests" time="0.315"/>
  <testcase name="issueTransactionMustHaveNoInputs" classname="com.qn7265.trade.AssetContractNewNewIssueTests" time="0.152"/>
  <testcase name="cannotIssueTooManyAssets" classname="com.qn7265.trade.AssetContractNewNewIssueTests" time="0.062"/>
  <testcase name="ownerMustSignIssueTransaction" classname="com.qn7265.trade.AssetContractNewNewIssueTests" time="0.084"/>
  <testcase name="issueTransactionMustHaveOneOutput" classname="com.qn7265.trade.AssetContractNewNewIssueTests" time="0.078"/>
  <system-out><![CDATA[?[37m[INFO] 01:37:43,250 [Test worker] cordapp.CordappLoader.apply - Generating a test-only CorDapp of classes discovered for package com.qn7265.trade in file:/home/ec2-user/environment/cordapp/qn7265-contracts-new/build/classes/kotlin/test/com/qn7265/trade: build/tmp/generated-test-cordapps/com.qn7265.trade-15f3e17e-50ee-48ce-80f6-09b3e63ebb07.jar
?[m?[37m[INFO] 01:37:43,473 [Test worker] cordapp.CordappLoader.apply - Generating a test-only CorDapp of classes discovered for package com.qn7265.trade in file:/home/ec2-user/environment/cordapp/qn7265-contracts-new/build/classes/kotlin/main/com/qn7265/trade: build/tmp/generated-test-cordapps/com.qn7265.trade-c02a48ad-6693-4a4a-b4e9-ed01a192988f.jar
?[m?[37m[INFO] 01:37:43,523 [Test worker] cordapp.CordappLoader.<init> - Loading CorDapps from RestrictedURL(url=file:/home/ec2-user/environment/cordapp/qn7265-contracts-new/build/tmp/generated-test-cordapps/com.qn7265.trade-15f3e17e-50ee-48ce-80f6-09b3e63ebb07.jar, rootPackageName=null), RestrictedURL(url=file:/home/ec2-user/environment/cordapp/qn7265-contracts-new/build/tmp/generated-test-cordapps/com.qn7265.trade-c02a48ad-6693-4a4a-b4e9-ed01a192988f.jar, rootPackageName=null)
?[m?[37m[INFO] 01:37:43,563 [Test worker] cordapp.CordappLoader.scanCordapp - Scanning CorDapp in file:/home/ec2-user/environment/cordapp/qn7265-contracts-new/build/tmp/generated-test-cordapps/com.qn7265.trade-15f3e17e-50ee-48ce-80f6-09b3e63ebb07.jar
?[m?[37m[INFO] 01:37:43,665 [Test worker] cordapp.CordappLoader.scanCordapp - Scanning CorDapp in file:/home/ec2-user/environment/cordapp/qn7265-contracts-new/build/tmp/generated-test-cordapps/com.qn7265.trade-c02a48ad-6693-4a4a-b4e9-ed01a192988f.jar
?[m?[31m[WARN] 01:37:43,817 [Test worker] cordapp.CordappProviderImpl.verifyInstalledCordapps - The network parameters don't specify any whitelisted contract implementations. Please contact your zone operator. See https://docs.corda.net/network-map.html
?[m?[31m[WARN] 01:37:48,549 [Test worker] cordapp.CordappProviderImpl.verifyInstalledCordapps - The network parameters don't specify any whitelisted contract implementations. Please contact your zone operator. See https://docs.corda.net/network-map.html
?[m?[31m[WARN] 01:37:48,928 [Test worker] cordapp.CordappProviderImpl.verifyInstalledCordapps - The network parameters don't specify any whitelisted contract implementations. Please contact your zone operator. See https://docs.corda.net/network-map.html
?[m?[31m[WARN] 01:37:49,160 [Test worker] cordapp.CordappProviderImpl.verifyInstalledCordapps - The network parameters don't specify any whitelisted contract implementations. Please contact your zone operator. See https://docs.corda.net/network-map.html
?[m?[31m[WARN] 01:37:49,284 [Test worker] cordapp.CordappProviderImpl.verifyInstalledCordapps - The network parameters don't specify any whitelisted contract implementations. Please contact your zone operator. See https://docs.corda.net/network-map.html
?[m?[31m[WARN] 01:37:49,492 [Test worker] cordapp.CordappProviderImpl.verifyInstalledCordapps - The network parameters don't specify any whitelisted contract implementations. Please contact your zone operator. See https://docs.corda.net/network-map.html
?[m]]></system-out>
  <system-err><![CDATA[]]></system-err>
</testsuite>
